<?xml version="1.0" encoding="UTF-8"?>
<testng-results skipped="0" failed="0" ignored="0" total="1" passed="1">
  <reporter-output>
  </reporter-output>
  <suite name="Default suite" duration-ms="18727" started-at="2020-08-19T16:21:21 IST" finished-at="2020-08-19T16:21:40 IST">
    <groups>
    </groups>
    <test name="Default test" duration-ms="18727" started-at="2020-08-19T16:21:21 IST" finished-at="2020-08-19T16:21:40 IST">
      <class name="MvnPack.MvnTest">
        <test-method status="PASS" signature="testLogin()[pri:0, instance:MvnPack.MvnTest@1d4520b]" name="testLogin" duration-ms="18598" started-at="2020-08-19T16:21:21 IST" finished-at="2020-08-19T16:21:40 IST">
          <reporter-output>
          </reporter-output>
        </test-method> <!-- testLogin -->
      </class> <!-- MvnPack.MvnTest -->
    </test> <!-- Default test -->
  </suite> <!-- Default suite -->
</testng-results>
